<?xml version="1.0" encoding="UTF-8"?>
<!-- Generated by org.testng.reporters.JUnitReportReporter -->
<testsuite hostname="Amruthas-MacBook-Air.local" failures="0" tests="1" name="com.example.tests.CreateUserTest" time="0.529" errors="0" timestamp="2025-09-20T19:14:18 IST" skipped="0">
  <testcase classname="com.example.tests.CreateUserTest" name="createUser" time="0.529"/>
</testsuite> <!-- com.example.tests.CreateUserTest -->
