<?xml version="1.0" encoding="UTF-8"?>
<!-- Generated by org.testng.reporters.JUnitReportReporter -->
<testsuite hostname="Amruthas-MacBook-Air.local" failures="0" tests="1" name="com.example.tests.GetUserTest" time="0.731" errors="0" timestamp="2025-09-20T19:14:18 IST" skipped="0">
  <testcase classname="com.example.tests.GetUserTest" name="getSingleUser" time="0.731"/>
</testsuite> <!-- com.example.tests.GetUserTest -->
