<?xml version="1.0" encoding="UTF-8"?>
<!-- Generated by org.testng.reporters.JUnitReportReporter -->
<testsuite hostname="Amruthas-MacBook-Air.local" failures="0" tests="2" name="com.example.tests.CreateUserTest" time="0.715" errors="0" timestamp="2025-09-22T11:11:46 IST" skipped="0">
  <testcase classname="com.example.tests.CreateUserTest" name="createUser_dataDriven" time="0.405"/>
  <testcase classname="com.example.tests.CreateUserTest" name="createUser_dataDriven" time="0.310"/>
</testsuite> <!-- com.example.tests.CreateUserTest -->
